<?xml version="1.0" encoding="UTF-8"?>
<!-- Generated by org.testng.reporters.JUnitReportReporter -->
<testsuite hostname="DESKTOP-CST3LUL" failures="0" tests="1" name="testClasses.LoginPageTestClass" time="17.165" errors="0" timestamp="2024-12-18T20:13:16 IST" skipped="0">
  <testcase classname="testClasses.LoginPageTestClass" name="verifySuccessfullLogin" time="17.165"/>
</testsuite> <!-- testClasses.LoginPageTestClass -->
