<?xml version="1.0" encoding="UTF-8"?>
<!-- Generated by org.testng.reporters.JUnitReportReporter -->
<testsuite hostname="DESKTOP-CST3LUL" failures="0" tests="1" name="testClasses.ProductsPageTestClass" time="22.332" errors="0" timestamp="2024-12-17T20:12:01 IST" skipped="0">
  <testcase classname="testClasses.ProductsPageTestClass" name="verifyToCreateA_newProduct" time="22.332"/>
</testsuite> <!-- testClasses.ProductsPageTestClass -->
