<?xml version="1.0" encoding="UTF-8"?>
<!-- Generated by org.testng.reporters.JUnitReportReporter -->
<testsuite hostname="DESKTOP-CST3LUL" failures="0" tests="1" name="testClasses.HomePageTestClass" time="11.907" errors="0" timestamp="2024-12-17T18:48:52 IST" skipped="0">
  <testcase classname="testClasses.HomePageTestClass" name="verifySuccessfulSignOut" time="11.907"/>
</testsuite> <!-- testClasses.HomePageTestClass -->
