<?xml version="1.0" encoding="UTF-8"?>
<!-- Generated by org.testng.reporters.JUnitReportReporter -->
<testsuite hostname="DESKTOP-CST3LUL" failures="0" tests="1" name="testClasses.UsersPageTestClass" time="21.976" errors="0" timestamp="2024-12-16T17:33:06 IST" skipped="0">
  <testcase classname="testClasses.UsersPageTestClass" name="verifyToAdd_aNewUser" time="21.976"/>
</testsuite> <!-- testClasses.UsersPageTestClass -->
